{
  "RSpec": {
    "coverage": {
      "/Users/lesleysanders/turing/2module/little-esty-shop/app/helpers/application_helper.rb": {
        "lines": [
          1,
          null
        ]
      },
      "/Users/lesleysanders/turing/2module/little-esty-shop/app/helpers/welcome_helper.rb": {
        "lines": [
          1,
          null
        ]
      },
      "/Users/lesleysanders/turing/2module/little-esty-shop/app/models/customer.rb": {
        "lines": [
          1,
          1,
          1,
          null,
          1,
          2,
          2,
          2,
          1,
          null,
          1,
          null,
          null,
          0,
          null,
          null,
          null,
          1,
          2,
          4,
          null,
          null
        ]
      },
      "/Users/lesleysanders/turing/2module/little-esty-shop/app/models/application_record.rb": {
        "lines": [
          1,
          1,
          null,
          1,
          8,
          null,
          null
        ]
      },
      "/Users/lesleysanders/turing/2module/little-esty-shop/spec/models/invoice_item_spec.rb": {
        "lines": [
          1,
          null,
          1,
          1,
          4,
          null,
          4,
          4,
          4,
          4,
          4,
          4,
          4,
          null,
          4,
          4,
          null,
          4,
          4,
          4,
          4,
          null,
          4,
          4,
          4,
          4,
          4,
          4,
          4,
          null,
          4,
          4,
          4,
          4,
          4,
          4,
          4,
          null,
          null,
          1,
          2,
          2,
          null,
          null,
          1,
          1,
          1,
          null,
          null,
          1,
          1,
          null,
          null,
          null
        ]
      },
      "/Users/lesleysanders/turing/2module/little-esty-shop/app/models/invoice_item.rb": {
        "lines": [
          1,
          1,
          1,
          1,
          null,
          1,
          1,
          null,
          null,
          1,
          1,
          8,
          null,
          null,
          1,
          null,
          2,
          2,
          0,
          null,
          2,
          null,
          null
        ]
      },
      "/Users/lesleysanders/turing/2module/little-esty-shop/spec/models/invoice_spec.rb": {
        "lines": [
          1,
          null,
          1,
          1,
          5,
          null,
          5,
          5,
          5,
          5,
          5,
          5,
          5,
          null,
          5,
          5,
          null,
          5,
          5,
          5,
          5,
          null,
          5,
          5,
          5,
          5,
          5,
          5,
          5,
          null,
          5,
          5,
          5,
          5,
          5,
          5,
          5,
          null,
          null,
          1,
          2,
          2,
          2,
          2,
          null,
          null,
          1,
          1,
          null,
          null
        ]
      },
      "/Users/lesleysanders/turing/2module/little-esty-shop/app/models/invoice.rb": {
        "lines": [
          1,
          1,
          1,
          1,
          1,
          1,
          null,
          1,
          null,
          1,
          0,
          null,
          null,
          1,
          0,
          null,
          null,
          1,
          1,
          1,
          null,
          null
        ]
      },
      "/Users/lesleysanders/turing/2module/little-esty-shop/spec/models/item_spec.rb": {
        "lines": [
          1,
          null,
          1,
          1,
          5,
          null,
          5,
          5,
          5,
          5,
          5,
          5,
          5,
          null,
          5,
          5,
          null,
          5,
          5,
          5,
          5,
          null,
          5,
          5,
          5,
          5,
          5,
          5,
          5,
          null,
          5,
          5,
          5,
          5,
          5,
          5,
          5,
          null,
          null,
          1,
          2,
          2,
          2,
          null,
          null,
          1,
          1,
          1,
          null,
          null,
          null,
          1,
          1,
          1,
          null,
          1,
          1,
          null,
          null,
          null
        ]
      },
      "/Users/lesleysanders/turing/2module/little-esty-shop/app/models/item.rb": {
        "lines": [
          1,
          1,
          1,
          1,
          1,
          null,
          1,
          1,
          null,
          null,
          1,
          0,
          null,
          null,
          null,
          null,
          null,
          null,
          null,
          null,
          null,
          1,
          1,
          null,
          null,
          null,
          null,
          null
        ]
      },
      "/Users/lesleysanders/turing/2module/little-esty-shop/spec/models/merchant_spec.rb": {
        "lines": [
          1,
          null,
          1,
          1,
          9,
          9,
          9,
          9,
          9,
          9,
          null,
          9,
          9,
          9,
          9,
          9,
          9,
          9,
          9,
          9,
          9,
          9,
          null,
          9,
          9,
          null,
          9,
          9,
          9,
          9,
          null,
          9,
          9,
          9,
          9,
          9,
          9,
          9,
          9,
          9,
          9,
          9,
          null,
          9,
          9,
          9,
          9,
          9,
          9,
          9,
          null,
          null,
          1,
          2,
          2,
          2,
          null,
          null,
          1,
          1,
          1,
          5,
          null,
          1,
          null,
          null,
          1,
          1,
          5,
          null,
          1,
          null,
          null,
          1,
          1,
          null,
          1,
          null,
          null,
          1,
          1,
          null,
          1,
          null,
          null,
          1,
          1,
          null,
          null,
          null,
          1,
          1,
          1,
          null,
          null,
          null
        ]
      },
      "/Users/lesleysanders/turing/2module/little-esty-shop/app/models/merchant.rb": {
        "lines": [
          1,
          1,
          1,
          1,
          null,
          1,
          2,
          null,
          null,
          null,
          null,
          null,
          null,
          null,
          1,
          1,
          null,
          null,
          1,
          1,
          null,
          null,
          1,
          1,
          null,
          null,
          null,
          null,
          null,
          null,
          null,
          1,
          1,
          null,
          null,
          null,
          null,
          null,
          null,
          null,
          1,
          0,
          null,
          null,
          null,
          null,
          null,
          null,
          null,
          null,
          null
        ]
      },
      "/Users/lesleysanders/turing/2module/little-esty-shop/spec/models/transaction_spec.rb": {
        "lines": [
          1,
          null,
          1,
          1,
          2,
          null,
          2,
          2,
          2,
          2,
          2,
          2,
          2,
          null,
          2,
          2,
          null,
          2,
          2,
          2,
          2,
          null,
          2,
          2,
          2,
          2,
          2,
          2,
          2,
          null,
          2,
          2,
          2,
          2,
          2,
          2,
          2,
          null,
          null,
          1,
          2,
          null,
          null,
          1,
          1,
          1,
          null,
          null,
          null
        ]
      },
      "/Users/lesleysanders/turing/2module/little-esty-shop/app/models/transaction.rb": {
        "lines": [
          1,
          1,
          1,
          null,
          1,
          1,
          null,
          null
        ]
      }
    },
    "timestamp": 1636909535
  }
}
